2022-05-19 06:47:25.775 | INFO     | __main__:<module>:26 - Початок роботи сервісів для каналу @horodysche_channel
2022-05-19 06:47:25.820 | INFO     | rsswatch:loop:163 - Початок роботи сканеру новини, на канал @horodysche_channel
2022-05-19 06:47:25.821 | INFO     | air:loop:222 - Початок роботи сканеру повітряних тривог. Канал @horodysche_channel, таймаут: 10 секунд.
2022-05-19 06:47:25.825 | INFO     | commendant:loop:98 - Старт повідомлень про комендатську годину
2022-05-19 06:47:25.826 | INFO     | weather:loop:248 - Почвток роботи боту прогнозу погоди для каналу @horodysche_channel, спрацьовує у 08:05, оновлюєтся кожні 0.65 секунди.
2022-05-19 06:47:25.832 | INFO     | air:loop:223 - ['#Черкаська_область', 'Городищенська_територіальна_громада']
2022-05-19 06:47:25.838 | INFO     | commendant:input_times:38 -  Час початку 23:00, кінця 05:00 
2022-05-19 08:05:00.095 | DEBUG    | weather:get_api_data:63 - https://api.openweathermap.org/data/2.5/onecall?exclude=daily&lat=49.285&lon=31.445&units=metric&appid=99e955ec311adca896012925e67813e6&lang=ua
2022-05-19 08:05:00.607 | INFO     | weather:get_api_data:68 - Дані про погоду отримано успішно!
2022-05-19 08:05:00.612 | INFO     | weather:send_message:44 - Відправлено повідомлення Telgram в чат @horodysche_channel
2022-05-19 16:49:25.629 | INFO     | rsswatch:execute_rss_news:140 - 19.05.2022/16:46
19 травня - Всесвітній День сімейного лікаря
Незважаючи на воєнний стан, життя триває і представники однієї з найгуманніших професій відзначають професійне свято. Із нагоди Всесвітнього дня сімейного лікаря міський голова Володимир Мирошник привітав і вручив нагороди медикам КНП Городищенський центр медико-санітарної допомоги Городищенської міської ради (директор Ігор Ладнов). 

https://gormrada.gov.ua/news/1652968005/

2022-05-19 16:49:25.938 | INFO     | rsswatch:execute_rss_news:140 - 13.05.2022/09:01
Державна служба зайнятості інфромує


10 травня о 12:27

https://gormrada.gov.ua/news/1652422046/

2022-05-19 17:04:27.793 | INFO     | rsswatch:execute_rss_news:140 - 19.05.2022/16:52
Всесвітній день вишиванки відзначають сьогодні в Україні
Всесвітній день вишиванки - особливе свято для українців. Вишита сорочка не просто одяг, а потужний оберіг, адже її створювали із побажаннями здоров&#39;я, удачі та любові...

https://gormrada.gov.ua/news/1652969033/

