2022-05-14 20:24:52.381 | INFO     | __main__:<module>:18 - Початок роботи сервісів для каналу @horodysche_channel
2022-05-14 20:25:07.857 | INFO     | air:loop:215 - Початок роботи сканеру повітряних тривог. Канал @horodysche_channel, таймаут: 10 секунд.
2022-05-14 20:25:07.857 | INFO     | __main__:<module>:109 - Сканер повітряних тривог - запущений.
2022-05-14 20:25:07.859 | INFO     | air:loop:216 - ['#Черкаська_область', 'Городищенська_територіальна_громада']
2022-05-14 20:25:30.648 | INFO     | __main__:<module>:147 - Сканер повітряних тривог - зупинено.
2022-05-14 20:25:39.026 | INFO     | air:loop:219 - Повідомлення про тривоги вимкнено!
2022-05-14 20:26:04.761 | INFO     | air:loop:215 - Початок роботи сканеру повітряних тривог. Канал @horodysche_channel, таймаут: 10 секунд.
2022-05-14 20:26:04.761 | INFO     | __main__:<module>:109 - Сканер повітряних тривог - запущений.
2022-05-14 20:26:04.763 | INFO     | air:loop:216 - ['#Черкаська_область', 'Городищенська_територіальна_громада']
2022-05-14 20:26:40.641 | INFO     | cron:loop:46 - Початок роботи крону з таймаутом в : 45 секунд, на адресу: https://karpow.pp.ua/actions/gor_gromada_news_tg_bot/airCron.php
2022-05-14 20:26:58.433 | INFO     | __main__:<module>:130 - Повідомляти про ком. годину - зупинено.
2022-05-14 20:26:58.435 | INFO     | __main__:<module>:132 - Сканер повітряних тривог - зупинено.
2022-05-14 20:26:58.437 | INFO     | __main__:<module>:134 - Повідомляти про погоду - зупинено.
2022-05-14 20:26:58.439 | INFO     | __main__:<module>:136 - Крон - зупинено.
2022-05-14 20:27:07.130 | INFO     | air:loop:219 - Повідомлення про тривоги вимкнено!
2022-05-14 20:27:25.474 | INFO     | air:loop:215 - Початок роботи сканеру повітряних тривог. Канал @horodysche_channel, таймаут: 10 секунд.
2022-05-14 20:27:25.474 | INFO     | __main__:<module>:109 - Сканер повітряних тривог - запущений.
2022-05-14 20:27:25.477 | INFO     | air:loop:216 - ['#Черкаська_область', 'Городищенська_територіальна_громада']
2022-05-14 20:27:27.347 | INFO     | cron:loop:49 - Луп крону зупинено!
2022-05-14 20:28:00.929 | INFO     | __main__:<module>:147 - Сканер повітряних тривог - зупинено.
2022-05-14 20:28:06.861 | INFO     | air:loop:219 - Повідомлення про тривоги вимкнено!
2022-05-14 20:28:13.065 | INFO     | __main__:<module>:160 - Вихід із програми.
