2022-05-14 20:28:23.961 | INFO     | air:loop:215 - Початок роботи сканеру повітряних тривог. Канал @horodysche_channel, таймаут: 10 секунд.
2022-05-14 20:28:23.961 | INFO     | __main__:<module>:114 - Сканер повітряних тривог - запущений.
2022-05-14 20:28:23.964 | INFO     | air:loop:216 - ['#Черкаська_область', 'Городищенська_територіальна_громада']
2022-05-14 20:28:23.966 | INFO     | __main__:<module>:117 - Повідомляти про ком. годину - запущений.
2022-05-14 20:28:23.969 | INFO     | commendant:loop:90 - Старт повідомлень про комендатську годину
2022-05-14 20:28:23.974 | INFO     | weather:loop:248 - Почвток роботи боту прогнозу погоди для каналу @horodysche_channel, спрацьовує у 08:05, оновлюєтся кожні 45 секунди.
2022-05-14 20:28:23.974 | INFO     | __main__:<module>:120 - Повідомляти про погоду - запущений.
2022-05-14 20:28:23.979 | INFO     | commendant:input_times:35 -  Час початку 22:00, кінця 05:00 
2022-05-14 20:28:23.986 | INFO     | cron:loop:46 - Початок роботи крону з таймаутом в : 45 секунд, на адресу: https://karpow.pp.ua/actions/gor_gromada_news_tg_bot/airCron.php
2022-05-14 20:28:23.986 | INFO     | __main__:<module>:123 - Крон - запущений.
2022-05-14 20:28:23.988 | DEBUG    | commendant:parse_time:45 - {'startH': 22, 'startM': 0, 'stopH': 5, 'stopM': 0}
2022-05-14 20:39:07.095 | ERROR    | air:get_data_channell:157 - Помилка інтернету, втрата зв'язку.
2022-05-14 20:39:17.113 | ERROR    | air:get_data_channell:157 - Помилка інтернету, втрата зв'язку.
2022-05-14 20:39:22.287 | ERROR    | cron:get_data:34 - Помилка зв'язку, немає мережі.
2022-05-14 20:39:27.126 | ERROR    | air:get_data_channell:157 - Помилка інтернету, втрата зв'язку.
2022-05-14 20:39:37.135 | ERROR    | air:get_data_channell:157 - Помилка інтернету, втрата зв'язку.
2022-05-14 20:39:47.157 | ERROR    | air:get_data_channell:157 - Помилка інтернету, втрата зв'язку.
2022-05-14 20:39:57.170 | ERROR    | air:get_data_channell:157 - Помилка інтернету, втрата зв'язку.
2022-05-14 20:40:07.189 | ERROR    | air:get_data_channell:157 - Помилка інтернету, втрата зв'язку.
2022-05-14 20:40:07.299 | ERROR    | cron:get_data:34 - Помилка зв'язку, немає мережі.
2022-05-14 20:40:17.208 | ERROR    | air:get_data_channell:157 - Помилка інтернету, втрата зв'язку.
2022-05-14 20:40:27.284 | ERROR    | air:get_data_channell:157 - Помилка інтернету, втрата зв'язку.
2022-05-14 20:40:37.305 | ERROR    | air:get_data_channell:157 - Помилка інтернету, втрата зв'язку.
2022-05-14 20:40:47.319 | ERROR    | air:get_data_channell:157 - Помилка інтернету, втрата зв'язку.
2022-05-14 20:40:52.317 | ERROR    | cron:get_data:34 - Помилка зв'язку, немає мережі.
2022-05-14 20:40:57.331 | ERROR    | air:get_data_channell:157 - Помилка інтернету, втрата зв'язку.
2022-05-14 20:41:07.345 | ERROR    | air:get_data_channell:157 - Помилка інтернету, втрата зв'язку.
