2022-05-14 21:16:38.442 | INFO     | air:loop:215 - Початок роботи сканеру повітряних тривог. Канал @horodysche_channel, таймаут: 10 секунд.
2022-05-14 21:16:38.442 | INFO     | __main__:<module>:114 - Сканер повітряних тривог - запущений.
2022-05-14 21:16:38.445 | INFO     | air:loop:216 - ['#Черкаська_область', 'Городищенська_територіальна_громада']
2022-05-14 21:16:38.447 | INFO     | __main__:<module>:117 - Повідомляти про ком. годину - запущений.
2022-05-14 21:16:38.451 | INFO     | commendant:loop:96 - Старт повідомлень про комендатську годину
2022-05-14 21:16:38.457 | INFO     | weather:loop:248 - Почвток роботи боту прогнозу погоди для каналу @horodysche_channel, спрацьовує у 08:05, оновлюєтся кожні 0.65 секунди.
2022-05-14 21:16:38.457 | INFO     | __main__:<module>:120 - Повідомляти про погоду - запущений.
2022-05-14 21:16:38.461 | INFO     | commendant:input_times:35 -  Час початку 22:00, кінця 05:00 
2022-05-14 21:16:38.468 | INFO     | __main__:<module>:123 - Крон - запущений.
2022-05-14 21:16:38.468 | INFO     | cron:loop:46 - Початок роботи крону з таймаутом в : 45 секунд, на адресу: https://karpow.pp.ua/actions/gor_gromada_news_tg_bot/airCron.php
2022-05-14 21:16:38.471 | DEBUG    | commendant:parse_time:45 - {'startH': 22, 'startM': 0, 'stopH': 5, 'stopM': 0}
2022-05-14 22:00:00.428 | INFO     | commendant:loop:104 - ❗️❗️ ПОЧАТОК КОМЕНДАНСЬКОЇ ГОДИНИ, ЗАЛИШАЙТЕСЬ В ДОМА ❗️❗️
2022-05-15 03:06:21.354 | INFO     | air:send_start_or_end_air_alarm:129 - ❗️❗️ ПОВІТРЯНА ТРИВОГА 🐔✈️🚀 (Черкаська область), НЕОБХІДНО ПРОЙТИ В УКРИТТЯ 🛖 (15.05/03:06)
Кількість тривог за сьогодні: 1
2022-05-15 03:25:31.697 | DEBUG    | cron:get_data:32 - <Response [503]>
2022-05-15 04:49:39.642 | INFO     | air:send_start_or_end_air_alarm:132 - 🟢 ВІДБІЙ ПОВІТРЯНОЇ ТРИВОГИ (15.05/04:49) 😃🌤.
Тривалість повітряної тривоги 1год. 43хв.
2022-05-15 05:00:00.766 | INFO     | commendant:loop:107 - ❗️❗️ Кінець комендатської години, можна гуляти 😀😀😀 
2022-05-15 08:05:00.032 | DEBUG    | weather:get_api_data:63 - https://api.openweathermap.org/data/2.5/onecall?exclude=daily&lat=49.285&lon=31.445&units=metric&appid=99e955ec311adca896012925e67813e6&lang=ua
2022-05-15 08:05:00.503 | INFO     | weather:get_api_data:68 - Дані про погоду отримано успішно!
2022-05-15 08:05:00.511 | INFO     | weather:send_message:44 - Відправлено повідомлення Telgram в чат @horodysche_channel
2022-05-15 08:29:19.304 | INFO     | air:send_start_or_end_air_alarm:129 - ❗️❗️ ПОВІТРЯНА ТРИВОГА 🐔✈️🚀 (Черкаська область), НЕОБХІДНО ПРОЙТИ В УКРИТТЯ 🛖 (15.05/08:29)
Кількість тривог за сьогодні: 2
2022-05-15 09:14:34.324 | INFO     | air:send_start_or_end_air_alarm:132 - 🟢 ВІДБІЙ ПОВІТРЯНОЇ ТРИВОГИ (15.05/09:14) 😃🌤.
Тривалість повітряної тривоги 0год. 45хв.
2022-05-15 09:52:50.537 | ERROR    | air:get_data_channell:157 - Помилка інтернету, втрата зв'язку.
