2022-05-17 05:33:23.047 | INFO     | rsswatch:loop:163 - Початок роботи сканеру новини, на канал @horodysche_channel
2022-05-17 05:33:23.048 | INFO     | air:loop:215 - Початок роботи сканеру повітряних тривог. Канал @horodysche_channel, таймаут: 10 секунд.
2022-05-17 05:33:23.051 | INFO     | weather:loop:248 - Почвток роботи боту прогнозу погоди для каналу @horodysche_channel, спрацьовує у 08:05, оновлюєтся кожні 0.65 секунди.
2022-05-17 05:33:23.054 | INFO     | commendant:loop:98 - Старт повідомлень про комендатську годину
2022-05-17 05:33:23.066 | INFO     | air:loop:216 - ['#Черкаська_область', 'Городищенська_територіальна_громада']
2022-05-17 05:33:23.077 | INFO     | commendant:input_times:38 -  Час початку 23:00, кінця 05:00 
2022-05-17 08:05:00.530 | DEBUG    | weather:get_api_data:63 - https://api.openweathermap.org/data/2.5/onecall?exclude=daily&lat=49.285&lon=31.445&units=metric&appid=99e955ec311adca896012925e67813e6&lang=ua
2022-05-17 08:05:01.201 | INFO     | weather:get_api_data:68 - Дані про погоду отримано успішно!
2022-05-17 08:05:01.206 | INFO     | weather:send_message:44 - Відправлено повідомлення Telgram в чат @horodysche_channel
2022-05-17 16:15:38.952 | INFO     | rsswatch:execute_rss_news:140 - 16.05.2022/16:11
ПОВІДОМЛЕННЯ про оприлюднення проекту регуляторного акта – рішення виконавчого комітету Городищенської міської ради «Про встановлення тарифу на проїзд у міському пасажирському транспорті м. Городище»
Відповідно до вимог Закону України Про засади державної регуляторної політики у сфері господарської діяльності, з метою одержання зауважень і пропозицій від фізичних та юридичних осіб, їх обєднань оприлюднюється проєкт рішення виконавчого комітету міської ради Про встановлення тарифів на послуги міського пасажирського транспорту загального користування, розроблений управлінням транспортної, дорожньої інфраструктури і звязку департаменту міського господарства міської ради.

https://gormrada.gov.ua/news/1652793248/

2022-05-17 21:52:14.257 | INFO     | air:send_start_or_end_air_alarm:129 - ❗️❗️ ПОВІТРЯНА ТРИВОГА 🐔✈️🚀 (Черкаська область), НЕОБХІДНО ПРОЙТИ В УКРИТТЯ 🛖 (17.05/21:52)
Кількість тривог за сьогодні: 3
2022-05-17 23:00:00.786 | INFO     | commendant:loop:106 - ❗️❗️ ПОЧАЛАСЬ КОМЕНДАНТЬСКА ГОДИНА, ТУСИТИ ПО МІСТІ ЗАБОРОНЕНО❗️❗️❗️❗️❗️❗️
2022-05-17 23:04:30.028 | INFO     | air:send_start_or_end_air_alarm:132 - 🟢 ВІДБІЙ ПОВІТРЯНОЇ ТРИВОГИ (17.05/23:04) 😃🌤.
Тривалість повітряної тривоги 1год. 12хв.
2022-05-18 05:00:00.978 | INFO     | commendant:loop:109 - ❗️❗️ ЗАКІНЧИЛАСЬ КОМЕНДАНТЬСКА ГОДИНА, ТУСИТИ ВЖЕ МОЖНА❗️😀😀
2022-05-18 06:01:56.499 | INFO     | air:send_start_or_end_air_alarm:129 - ❗️❗️ ПОВІТРЯНА ТРИВОГА 🐔✈️🚀 (Черкаська область), НЕОБХІДНО ПРОЙТИ В УКРИТТЯ 🛖 (18.05/06:01)
Кількість тривог за сьогодні: 1
2022-05-18 06:21:00.822 | INFO     | air:send_start_or_end_air_alarm:132 - 🟢 ВІДБІЙ ПОВІТРЯНОЇ ТРИВОГИ (18.05/06:20) 😃🌤.
Тривалість повітряної тривоги 0год. 19хв.
2022-05-18 08:05:00.614 | DEBUG    | weather:get_api_data:63 - https://api.openweathermap.org/data/2.5/onecall?exclude=daily&lat=49.285&lon=31.445&units=metric&appid=99e955ec311adca896012925e67813e6&lang=ua
2022-05-18 08:05:01.197 | INFO     | weather:get_api_data:68 - Дані про погоду отримано успішно!
2022-05-18 08:05:01.203 | INFO     | weather:send_message:44 - Відправлено повідомлення Telgram в чат @horodysche_channel
2022-05-18 08:07:40.367 | ERROR    | air:get_data_channell:157 - Помилка інтернету, втрата зв'язку.
2022-05-18 08:08:11.424 | ERROR    | air:get_data_channell:157 - Помилка інтернету, втрата зв'язку.
2022-05-18 08:08:42.503 | ERROR    | air:get_data_channell:157 - Помилка інтернету, втрата зв'язку.
2022-05-18 08:09:13.549 | ERROR    | air:get_data_channell:157 - Помилка інтернету, втрата зв'язку.
2022-05-18 08:09:32.795 | ERROR    | rsswatch:get_data_xml:120 - Помилка, немає інтернету!
2022-05-18 08:09:32.798 | ERROR    | rsswatch:parse_rss:129 - Нмає даних xml.
2022-05-18 08:33:07.084 | ERROR    | air:get_data_channell:157 - Помилка інтернету, втрата зв'язку.
2022-05-18 18:36:20.061 | INFO     | air:send_start_or_end_air_alarm:129 - ❗️❗️ ПОВІТРЯНА ТРИВОГА 🐔✈️🚀 (Черкаська область), НЕОБХІДНО ПРОЙТИ В УКРИТТЯ 🛖 (18.05/18:36)
Кількість тривог за сьогодні: 2
2022-05-18 21:16:43.816 | INFO     | air:send_start_or_end_air_alarm:132 - 🟢 ВІДБІЙ ПОВІТРЯНОЇ ТРИВОГИ (18.05/21:16) 😃🌤.
Тривалість повітряної тривоги 2год. 40хв.
2022-05-18 21:44:29.869 | INFO     | air:send_start_or_end_air_alarm:129 - ❗️❗️ ПОВІТРЯНА ТРИВОГА 🐔✈️🚀 (Черкаська область), НЕОБХІДНО ПРОЙТИ В УКРИТТЯ 🛖 (18.05/21:44)
Кількість тривог за сьогодні: 3
2022-05-18 22:41:36.886 | INFO     | air:send_start_or_end_air_alarm:132 - 🟢 ВІДБІЙ ПОВІТРЯНОЇ ТРИВОГИ (18.05/22:41) 😃🌤.
Тривалість повітряної тривоги 0год. 57хв.
2022-05-18 23:00:00.346 | INFO     | commendant:loop:106 - ❗️❗️ ПОЧАЛАСЬ КОМЕНДАНТЬСКА ГОДИНА, ТУСИТИ ПО МІСТІ ЗАБОРОНЕНО❗️❗️❗️❗️❗️❗️
2022-05-19 05:00:00.695 | INFO     | commendant:loop:109 - ❗️❗️ ЗАКІНЧИЛАСЬ КОМЕНДАНТЬСКА ГОДИНА, ТУСИТИ ВЖЕ МОЖНА❗️😀😀
